<?xml version="1.0" encoding="UTF-8"?>
<testsuite xmlns:xsi="http://www.w3.org/2001/XMLSchema-instance" xsi:noNamespaceSchemaLocation="https://maven.apache.org/surefire/maven-surefire-plugin/xsd/surefire-test-report.xsd" version="3.0.2" name="com.bjut.ca.CaApplicationTests" time="3.214" tests="1" errors="0" skipped="0" failures="0">
  <properties>
[...]
</properties>
  <testcase name="contextLoads" classname="com.bjut.ca.CaApplicationTests" time="0.781">
    <system-out><![CDATA[18:34:03.867 [main] INFO org.springframework.test.context.support.AnnotationConfigContextLoaderUtils -- Could not detect default configuration classes for test class [com.bjut.ca.CaApplicationTests]: CaApplicationTests does not declare any static, non-private, non-final, nested classes annotated with @Configuration.
18:34:03.955 [main] INFO org.springframework.boot.test.context.SpringBootTestContextBootstrapper -- Found @SpringBootConfiguration com.bjut.ca.CaApplication for test class com.bjut.ca.CaApplicationTests
18:34:04.061 [main] INFO org.springframework.boot.devtools.restart.RestartApplicationListener -- Restart disabled due to context in which it is running

  .   ____          _            __ _ _
 /\\ / ___'_ __ _ _(_)_ __  __ _ \ \ \ \
( ( )\___ | '_ | '_| | '_ \/ _` | \ \ \ \
 \\/  ___)| |_)| | | | | || (_| |  ) ) ) )
  '  |____| .__|_| |_|_| |_\__, | / / / /
 =========|_|==============|___/=/_/_/_/

 :: Spring Boot ::                (v3.4.5)

2025-05-14T18:34:04.301+08:00  INFO 4680 --- [CA] [           main] com.bjut.ca.CaApplicationTests           : Starting CaApplicationTests using Java 23.0.1 with PID 4680 (started by ASUS in E:\system\CA)
2025-05-14T18:34:04.302+08:00  INFO 4680 --- [CA] [           main] com.bjut.ca.CaApplicationTests           : No active profile set, falling back to 1 default profile: "default"
2025-05-14T18:34:05.332+08:00  INFO 4680 --- [CA] [           main] com.bjut.ca.server.impl.CAimpl           : 正在从 ca_keystore.p12 加载已存在的CA密钥库...
2025-05-14T18:34:05.384+08:00  INFO 4680 --- [CA] [           main] com.bjut.ca.server.impl.CAimpl           : CA密钥对和根证书已成功从密钥库 ca_keystore.p12 加载。
2025-05-14T18:34:05.384+08:00  INFO 4680 --- [CA] [           main] com.bjut.ca.server.impl.CAimpl           : 加载的CA根证书当前有效。有效期至: Mon May 14 17:47:36 CST 2035
2025-05-14T18:34:05.715+08:00  INFO 4680 --- [CA] [           main] o.s.v.b.OptionalValidatorFactoryBean     : Failed to set up a Bean Validation provider: jakarta.validation.NoProviderFoundException: Unable to create a Configuration, because no Jakarta Bean Validation provider could be found. Add a provider like Hibernate Validator (RI) to your classpath.
2025-05-14T18:34:05.927+08:00  WARN 4680 --- [CA] [           main] ion$DefaultTemplateResolverConfiguration : Cannot find template location: classpath:/templates/ (please add some templates, check your Thymeleaf configuration, or set spring.thymeleaf.check-template-location=false)
2025-05-14T18:34:06.168+08:00  INFO 4680 --- [CA] [           main] com.bjut.ca.CaApplicationTests           : Started CaApplicationTests in 2.12 seconds (process running for 3.052)
]]></system-out>
    <system-err><![CDATA[Mockito is currently self-attaching to enable the inline-mock-maker. This will no longer work in future releases of the JDK. Please add Mockito as an agent to your build what is described in Mockito's documentation: https://javadoc.io/doc/org.mockito/mockito-core/latest/org/mockito/Mockito.html#0.3
WARNING: A Java agent has been loaded dynamically (E:\maven\LocalWarehouse\net\bytebuddy\byte-buddy-agent\1.15.11\byte-buddy-agent-1.15.11.jar)
WARNING: If a serviceability tool is in use, please run with -XX:+EnableDynamicAgentLoading to hide this warning
WARNING: If a serviceability tool is not in use, please run with -Djdk.instrument.traceUsage for more information
WARNING: Dynamic loading of agents will be disallowed by default in a future release
]]></system-err>
  </testcase>
</testsuite>